<?xml version="1.0" encoding="UTF-8"?>
<testsuite name="hk.ust.comp3021.utils.TestCustomArrayList" tests="2" skipped="0" failures="0" errors="0" timestamp="2023-03-18T15:09:37" hostname="DESKTOP-MMB9NP2" time="0.001">
  <properties/>
  <testcase name="testCustomArrayListWithTypeString()" classname="hk.ust.comp3021.utils.TestCustomArrayList" time="0.0"/>
  <testcase name="testCustomArrayListWithTypePaper()" classname="hk.ust.comp3021.utils.TestCustomArrayList" time="0.0"/>
  <system-out><![CDATA[]]></system-out>
  <system-err><![CDATA[]]></system-err>
</testsuite>
