<?xml version="1.0" encoding="UTF-8"?>
<testsuite name="hk.ust.comp3021.actions.ProfileStatisticalInformationActionByLambdaTest" tests="3" skipped="0" failures="0" errors="0" timestamp="2023-03-24T17:05:19" hostname="DESKTOP-MMB9NP2" time="0.023">
  <properties/>
  <testcase name="testProfileStatisticalInformationAction_ProfileMaximal()" classname="hk.ust.comp3021.actions.ProfileStatisticalInformationActionByLambdaTest" time="0.01"/>
  <testcase name="testProfileStatisticalInformationAction_ActionsSize()" classname="hk.ust.comp3021.actions.ProfileStatisticalInformationActionByLambdaTest" time="0.007"/>
  <testcase name="testProfileStatisticalInformationAction_ProfileAverage()" classname="hk.ust.comp3021.actions.ProfileStatisticalInformationActionByLambdaTest" time="0.005"/>
  <system-out><![CDATA[]]></system-out>
  <system-err><![CDATA[]]></system-err>
</testsuite>
