<?xml version="1.0" encoding="UTF-8"?>
<testsuite name="hk.ust.comp3021.actions.SearchPaperActionByLambdaTest" tests="5" skipped="0" failures="0" errors="0" timestamp="2023-03-24T07:20:31" hostname="DESKTOP-MMB9NP2" time="0.032">
  <properties/>
  <testcase name="testSearchPaperAction_SearchByAuthor()" classname="hk.ust.comp3021.actions.SearchPaperActionByLambdaTest" time="0.011"/>
  <testcase name="testSearchPaperAction_ActionsSize()" classname="hk.ust.comp3021.actions.SearchPaperActionByLambdaTest" time="0.005"/>
  <testcase name="testSearchPaperAction_SearchByID()" classname="hk.ust.comp3021.actions.SearchPaperActionByLambdaTest" time="0.005"/>
  <testcase name="testSearchPaperAction_SearchByTitle()" classname="hk.ust.comp3021.actions.SearchPaperActionByLambdaTest" time="0.005"/>
  <testcase name="testSearchPaperAction_SearchByJournal()" classname="hk.ust.comp3021.actions.SearchPaperActionByLambdaTest" time="0.004"/>
  <system-out><![CDATA[]]></system-out>
  <system-err><![CDATA[]]></system-err>
</testsuite>
