<?xml version="1.0" encoding="UTF-8"?>
<testsuite name="hk.ust.comp3021.MiniMendeleyTest" tests="2" skipped="0" failures="0" errors="0" timestamp="2023-03-24T04:04:15" hostname="DESKTOP-MMB9NP2" time="0.01">
  <properties/>
  <testcase name="testPaperParser()" classname="hk.ust.comp3021.MiniMendeleyTest" time="0.006"/>
  <testcase name="testUserRegister()" classname="hk.ust.comp3021.MiniMendeleyTest" time="0.004"/>
  <system-out><![CDATA[]]></system-out>
  <system-err><![CDATA[]]></system-err>
</testsuite>
