<?xml version="1.0" encoding="UTF-8"?>
<testsuite name="hk.ust.comp3021.actions.UploadPaperActionTest" tests="6" skipped="0" failures="0" errors="0" timestamp="2023-03-24T07:20:31" hostname="DESKTOP-MMB9NP2" time="0.035">
  <properties/>
  <testcase name="testUploadPaperAction_CheckResearchInfo()" classname="hk.ust.comp3021.actions.UploadPaperActionTest" time="0.004"/>
  <testcase name="testUploadPaperAction_CheckPaperContent()" classname="hk.ust.comp3021.actions.UploadPaperActionTest" time="0.009"/>
  <testcase name="testUploadPaperAction_ActionsSize()" classname="hk.ust.comp3021.actions.UploadPaperActionTest" time="0.004"/>
  <testcase name="testUploadPaperAction_CheckPaperBase()" classname="hk.ust.comp3021.actions.UploadPaperActionTest" time="0.003"/>
  <testcase name="testUploadPaperAction_CheckPaperSet()" classname="hk.ust.comp3021.actions.UploadPaperActionTest" time="0.005"/>
  <testcase name="testUploadPaperAction_IsSuccessCheck()" classname="hk.ust.comp3021.actions.UploadPaperActionTest" time="0.005"/>
  <system-out><![CDATA[]]></system-out>
  <system-err><![CDATA[]]></system-err>
</testsuite>
